2022-01-10 02:00:55.077  INFO 1 --- [SpringApplicationShutdownHook] j.LocalContainerEntityManagerFactoryBean : Closing JPA EntityManagerFactory for persistence unit 'default'
2022-01-10 02:00:55.260  INFO 1 --- [SpringApplicationShutdownHook] com.zaxxer.hikari.HikariDataSource       : HikariPool-1 - Shutdown initiated...
2022-01-10 02:00:55.294  INFO 1 --- [SpringApplicationShutdownHook] com.zaxxer.hikari.HikariDataSource       : HikariPool-1 - Shutdown completed.
2022-01-10 02:02:12.613  INFO 1 --- [main] com.lendbiz.p2p.api.ApiApplication       : Starting ApiApplication using Java 11.0.11 on 484fd7dd2e4c with PID 1 (/gaumat.jar started by root in /)
2022-01-10 02:02:12.617  INFO 1 --- [main] com.lendbiz.p2p.api.ApiApplication       : The following profiles are active: lendbiz-dev
2022-01-10 02:02:13.326  INFO 1 --- [main] .s.d.r.c.RepositoryConfigurationDelegate : Bootstrapping Spring Data JPA repositories in DEFAULT mode.
2022-01-10 02:02:13.401  INFO 1 --- [main] .s.d.r.c.RepositoryConfigurationDelegate : Finished Spring Data repository scanning in 63 ms. Found 11 JPA repository interfaces.
2022-01-10 02:02:13.896  INFO 1 --- [main] o.s.b.w.embedded.tomcat.TomcatWebServer  : Tomcat initialized with port(s): 8080 (http)
2022-01-10 02:02:13.905  INFO 1 --- [main] o.apache.catalina.core.StandardService   : Starting service [Tomcat]
2022-01-10 02:02:13.907  INFO 1 --- [main] org.apache.catalina.core.StandardEngine  : Starting Servlet engine: [Apache Tomcat/9.0.53]
2022-01-10 02:02:13.946  INFO 1 --- [main] o.a.c.c.C.[Tomcat].[localhost].[/]       : Initializing Spring embedded WebApplicationContext
2022-01-10 02:02:13.949  INFO 1 --- [main] w.s.c.ServletWebServerApplicationContext : Root WebApplicationContext: initialization completed in 1277 ms
2022-01-10 02:02:14.121  INFO 1 --- [main] com.zaxxer.hikari.HikariDataSource       : HikariPool-1 - Starting...
2022-01-10 02:02:14.408  INFO 1 --- [main] com.zaxxer.hikari.HikariDataSource       : HikariPool-1 - Start completed.
2022-01-10 02:02:14.449  INFO 1 --- [main] o.hibernate.jpa.internal.util.LogHelper  : HHH000204: Processing PersistenceUnitInfo [name: default]
2022-01-10 02:02:14.497  INFO 1 --- [main] org.hibernate.Version                    : HHH000412: Hibernate ORM core version 5.4.32.Final
2022-01-10 02:02:14.623  INFO 1 --- [main] o.hibernate.annotations.common.Version   : HCANN000001: Hibernate Commons Annotations {5.1.2.Final}
2022-01-10 02:02:14.815  INFO 1 --- [main] org.hibernate.dialect.Dialect            : HHH000400: Using dialect: org.hibernate.dialect.Oracle10gDialect
2022-01-10 02:02:16.732  INFO 1 --- [main] o.h.e.t.j.p.i.JtaPlatformInitiator       : HHH000490: Using JtaPlatform implementation: [org.hibernate.engine.transaction.jta.platform.internal.NoJtaPlatform]
2022-01-10 02:02:16.805  INFO 1 --- [main] j.LocalContainerEntityManagerFactoryBean : Initialized JPA EntityManagerFactory for persistence unit 'default'
2022-01-10 02:02:17.116  WARN 1 --- [main] JpaBaseConfiguration$JpaWebConfiguration : spring.jpa.open-in-view is enabled by default. Therefore, database queries may be performed during view rendering. Explicitly configure spring.jpa.open-in-view to disable this warning
2022-01-10 02:02:17.426  INFO 1 --- [main] pertySourcedRequestMappingHandlerMapping : Mapped URL path [/v2/api-docs] onto method [springfox.documentation.swagger2.web.Swagger2Controller#getDocumentation(String, HttpServletRequest)]
2022-01-10 02:02:17.437  INFO 1 --- [main] o.s.s.web.DefaultSecurityFilterChain     : Will secure Ant [pattern='/api/**'] with [org.springframework.security.web.context.request.async.WebAsyncManagerIntegrationFilter@9263c54, org.springframework.security.web.context.SecurityContextPersistenceFilter@21f9c6ea, org.springframework.security.web.header.HeaderWriterFilter@4c7d7430, org.springframework.web.filter.CorsFilter@28daf506, org.springframework.security.web.authentication.logout.LogoutFilter@4c24f3a2, org.springframework.security.web.authentication.www.BasicAuthenticationFilter@6aff97d6, org.springframework.security.web.savedrequest.RequestCacheAwareFilter@3dfd7eaa, org.springframework.security.web.servletapi.SecurityContextHolderAwareRequestFilter@7cfb8e98, org.springframework.security.web.authentication.AnonymousAuthenticationFilter@4662752a, org.springframework.security.web.session.SessionManagementFilter@5fe46d52, org.springframework.security.web.access.ExceptionTranslationFilter@3111631d, org.springframework.security.web.access.intercept.FilterSecurityInterceptor@1cde374]
2022-01-10 02:02:17.727  INFO 1 --- [main] o.s.b.w.embedded.tomcat.TomcatWebServer  : Tomcat started on port(s): 8080 (http) with context path ''
2022-01-10 02:02:17.729  INFO 1 --- [main] d.s.w.p.DocumentationPluginsBootstrapper : Context refreshed
2022-01-10 02:02:17.745  INFO 1 --- [main] d.s.w.p.DocumentationPluginsBootstrapper : Found 1 custom documentation plugin(s)
2022-01-10 02:02:17.790  INFO 1 --- [main] s.d.s.w.s.ApiListingReferenceScanner     : Scanning for api listing references
2022-01-10 02:02:17.917  INFO 1 --- [main] com.lendbiz.p2p.api.ApiApplication       : Started ApiApplication in 5.74 seconds (JVM running for 6.124)
2022-01-10 02:02:53.568  INFO 1 --- [SpringApplicationShutdownHook] j.LocalContainerEntityManagerFactoryBean : Closing JPA EntityManagerFactory for persistence unit 'default'
2022-01-10 02:02:53.577  INFO 1 --- [SpringApplicationShutdownHook] com.zaxxer.hikari.HikariDataSource       : HikariPool-1 - Shutdown initiated...
2022-01-10 02:02:53.725  INFO 1 --- [SpringApplicationShutdownHook] com.zaxxer.hikari.HikariDataSource       : HikariPool-1 - Shutdown completed.
2022-01-10 03:56:31.287  INFO 1 --- [main] com.lendbiz.p2p.api.ApiApplication       : Starting ApiApplication using Java 11.0.11 on 47d0b8c48e09 with PID 1 (/gaumat.jar started by root in /)
2022-01-10 03:56:31.291  INFO 1 --- [main] com.lendbiz.p2p.api.ApiApplication       : The following profiles are active: lendbiz-dev
2022-01-10 03:56:32.002  INFO 1 --- [main] .s.d.r.c.RepositoryConfigurationDelegate : Bootstrapping Spring Data JPA repositories in DEFAULT mode.
2022-01-10 03:56:32.081  INFO 1 --- [main] .s.d.r.c.RepositoryConfigurationDelegate : Finished Spring Data repository scanning in 70 ms. Found 11 JPA repository interfaces.
2022-01-10 03:56:32.648  INFO 1 --- [main] o.s.b.w.embedded.tomcat.TomcatWebServer  : Tomcat initialized with port(s): 9012 (http)
2022-01-10 03:56:32.662  INFO 1 --- [main] o.apache.catalina.core.StandardService   : Starting service [Tomcat]
2022-01-10 03:56:32.665  INFO 1 --- [main] org.apache.catalina.core.StandardEngine  : Starting Servlet engine: [Apache Tomcat/9.0.53]
2022-01-10 03:56:32.720  INFO 1 --- [main] o.a.c.c.C.[Tomcat].[localhost].[/]       : Initializing Spring embedded WebApplicationContext
2022-01-10 03:56:32.723  INFO 1 --- [main] w.s.c.ServletWebServerApplicationContext : Root WebApplicationContext: initialization completed in 1381 ms
2022-01-10 03:56:33.055  INFO 1 --- [main] com.zaxxer.hikari.HikariDataSource       : HikariPool-1 - Starting...
2022-01-10 03:56:33.405  INFO 1 --- [main] com.zaxxer.hikari.HikariDataSource       : HikariPool-1 - Start completed.
2022-01-10 03:56:33.449  INFO 1 --- [main] o.hibernate.jpa.internal.util.LogHelper  : HHH000204: Processing PersistenceUnitInfo [name: default]
2022-01-10 03:56:33.497  INFO 1 --- [main] org.hibernate.Version                    : HHH000412: Hibernate ORM core version 5.4.32.Final
2022-01-10 03:56:33.691  INFO 1 --- [main] o.hibernate.annotations.common.Version   : HCANN000001: Hibernate Commons Annotations {5.1.2.Final}
2022-01-10 03:56:33.838  INFO 1 --- [main] org.hibernate.dialect.Dialect            : HHH000400: Using dialect: org.hibernate.dialect.Oracle10gDialect
2022-01-10 03:56:36.042  INFO 1 --- [main] o.h.e.t.j.p.i.JtaPlatformInitiator       : HHH000490: Using JtaPlatform implementation: [org.hibernate.engine.transaction.jta.platform.internal.NoJtaPlatform]
2022-01-10 03:56:36.169  INFO 1 --- [main] j.LocalContainerEntityManagerFactoryBean : Initialized JPA EntityManagerFactory for persistence unit 'default'
2022-01-10 03:56:36.531  WARN 1 --- [main] JpaBaseConfiguration$JpaWebConfiguration : spring.jpa.open-in-view is enabled by default. Therefore, database queries may be performed during view rendering. Explicitly configure spring.jpa.open-in-view to disable this warning
2022-01-10 03:56:36.890  INFO 1 --- [main] pertySourcedRequestMappingHandlerMapping : Mapped URL path [/v2/api-docs] onto method [springfox.documentation.swagger2.web.Swagger2Controller#getDocumentation(String, HttpServletRequest)]
2022-01-10 03:56:36.903  INFO 1 --- [main] o.s.s.web.DefaultSecurityFilterChain     : Will secure Ant [pattern='/api/**'] with [org.springframework.security.web.context.request.async.WebAsyncManagerIntegrationFilter@159ac15f, org.springframework.security.web.context.SecurityContextPersistenceFilter@28f154cc, org.springframework.security.web.header.HeaderWriterFilter@7c9beb51, org.springframework.web.filter.CorsFilter@7ac48f05, org.springframework.security.web.authentication.logout.LogoutFilter@4975dda1, org.springframework.security.web.authentication.www.BasicAuthenticationFilter@69d103f0, org.springframework.security.web.savedrequest.RequestCacheAwareFilter@6af78a48, org.springframework.security.web.servletapi.SecurityContextHolderAwareRequestFilter@2ec85a25, org.springframework.security.web.authentication.AnonymousAuthenticationFilter@7af1d072, org.springframework.security.web.session.SessionManagementFilter@1ec88aa1, org.springframework.security.web.access.ExceptionTranslationFilter@418f0534, org.springframework.security.web.access.intercept.FilterSecurityInterceptor@799f354a]
2022-01-10 03:56:37.188  INFO 1 --- [main] o.s.b.w.embedded.tomcat.TomcatWebServer  : Tomcat started on port(s): 9012 (http) with context path ''
2022-01-10 03:56:37.190  INFO 1 --- [main] d.s.w.p.DocumentationPluginsBootstrapper : Context refreshed
2022-01-10 03:56:37.206  INFO 1 --- [main] d.s.w.p.DocumentationPluginsBootstrapper : Found 1 custom documentation plugin(s)
2022-01-10 03:56:37.225  INFO 1 --- [main] s.d.s.w.s.ApiListingReferenceScanner     : Scanning for api listing references
2022-01-10 03:56:37.334  INFO 1 --- [main] com.lendbiz.p2p.api.ApiApplication       : Started ApiApplication in 6.454 seconds (JVM running for 7.0)
2022-01-10 04:19:44.113  INFO 1 --- [SpringApplicationShutdownHook] j.LocalContainerEntityManagerFactoryBean : Closing JPA EntityManagerFactory for persistence unit 'default'
2022-01-10 04:19:44.163  INFO 1 --- [SpringApplicationShutdownHook] com.zaxxer.hikari.HikariDataSource       : HikariPool-1 - Shutdown initiated...
2022-01-10 04:19:44.193  INFO 1 --- [SpringApplicationShutdownHook] com.zaxxer.hikari.HikariDataSource       : HikariPool-1 - Shutdown completed.
2022-01-10 15:23:32.522  INFO 40467 --- [main] com.lendbiz.p2p.api.ApiApplication       : Starting ApiApplication using Java 11.0.12 on TuHoangs-MacBook-Pro.local with PID 40467 (/Users/tuht/Projects/api_mobile/bin/main started by tuht in /Users/tuht/Projects/api_mobile)
2022-01-10 15:23:32.526  INFO 40467 --- [main] com.lendbiz.p2p.api.ApiApplication       : The following profiles are active: lendbiz-dev
2022-01-10 15:23:34.703  INFO 40467 --- [main] .s.d.r.c.RepositoryConfigurationDelegate : Bootstrapping Spring Data JPA repositories in DEFAULT mode.
2022-01-10 15:23:34.921  INFO 40467 --- [main] .s.d.r.c.RepositoryConfigurationDelegate : Finished Spring Data repository scanning in 198 ms. Found 11 JPA repository interfaces.
2022-01-10 15:23:36.153  INFO 40467 --- [main] o.s.b.w.embedded.tomcat.TomcatWebServer  : Tomcat initialized with port(s): 9012 (http)
2022-01-10 15:23:36.163  INFO 40467 --- [main] o.apache.catalina.core.StandardService   : Starting service [Tomcat]
2022-01-10 15:23:36.163  INFO 40467 --- [main] org.apache.catalina.core.StandardEngine  : Starting Servlet engine: [Apache Tomcat/9.0.53]
2022-01-10 15:23:36.343  INFO 40467 --- [main] o.a.c.c.C.[Tomcat].[localhost].[/]       : Initializing Spring embedded WebApplicationContext
2022-01-10 15:23:36.343  INFO 40467 --- [main] w.s.c.ServletWebServerApplicationContext : Root WebApplicationContext: initialization completed in 3722 ms
2022-01-10 15:23:36.659  INFO 40467 --- [main] com.zaxxer.hikari.HikariDataSource       : HikariPool-1 - Starting...
2022-01-10 15:23:37.260  INFO 40467 --- [main] com.zaxxer.hikari.HikariDataSource       : HikariPool-1 - Start completed.
2022-01-10 15:23:37.418  INFO 40467 --- [main] o.hibernate.jpa.internal.util.LogHelper  : HHH000204: Processing PersistenceUnitInfo [name: default]
2022-01-10 15:23:37.476  INFO 40467 --- [main] org.hibernate.Version                    : HHH000412: Hibernate ORM core version 5.4.32.Final
2022-01-10 15:23:37.638  INFO 40467 --- [main] o.hibernate.annotations.common.Version   : HCANN000001: Hibernate Commons Annotations {5.1.2.Final}
2022-01-10 15:23:37.746  INFO 40467 --- [main] org.hibernate.dialect.Dialect            : HHH000400: Using dialect: org.hibernate.dialect.Oracle10gDialect
2022-01-10 15:23:40.916  INFO 40467 --- [main] o.h.e.t.j.p.i.JtaPlatformInitiator       : HHH000490: Using JtaPlatform implementation: [org.hibernate.engine.transaction.jta.platform.internal.NoJtaPlatform]
2022-01-10 15:23:41.040  INFO 40467 --- [main] j.LocalContainerEntityManagerFactoryBean : Initialized JPA EntityManagerFactory for persistence unit 'default'
2022-01-10 15:23:41.288  WARN 40467 --- [main] ConfigServletWebServerApplicationContext : Exception encountered during context initialization - cancelling refresh attempt: org.springframework.beans.factory.BeanCreationException: Error creating bean with name 'kafkaTopicConfig': Injection of autowired dependencies failed; nested exception is java.lang.IllegalArgumentException: Could not resolve placeholder 'kafka.bootstrapAddress' in value "${kafka.bootstrapAddress}"
2022-01-10 15:23:41.289  INFO 40467 --- [main] j.LocalContainerEntityManagerFactoryBean : Closing JPA EntityManagerFactory for persistence unit 'default'
2022-01-10 15:23:41.293  INFO 40467 --- [main] com.zaxxer.hikari.HikariDataSource       : HikariPool-1 - Shutdown initiated...
2022-01-10 15:23:41.438  INFO 40467 --- [main] com.zaxxer.hikari.HikariDataSource       : HikariPool-1 - Shutdown completed.
2022-01-10 15:23:41.441  INFO 40467 --- [main] o.apache.catalina.core.StandardService   : Stopping service [Tomcat]
2022-01-10 15:23:41.472  INFO 40467 --- [main] ConditionEvaluationReportLoggingListener : 

Error starting ApplicationContext. To display the conditions report re-run your application with 'debug' enabled.
2022-01-10 15:23:41.491 ERROR 40467 --- [main] o.s.boot.SpringApplication               : Application run failed

org.springframework.beans.factory.BeanCreationException: Error creating bean with name 'kafkaTopicConfig': Injection of autowired dependencies failed; nested exception is java.lang.IllegalArgumentException: Could not resolve placeholder 'kafka.bootstrapAddress' in value "${kafka.bootstrapAddress}"
	at org.springframework.beans.factory.annotation.AutowiredAnnotationBeanPostProcessor.postProcessProperties(AutowiredAnnotationBeanPostProcessor.java:405) ~[spring-beans-5.3.10.jar:5.3.10]
	at org.springframework.beans.factory.support.AbstractAutowireCapableBeanFactory.populateBean(AbstractAutowireCapableBeanFactory.java:1431) ~[spring-beans-5.3.10.jar:5.3.10]
	at org.springframework.beans.factory.support.AbstractAutowireCapableBeanFactory.doCreateBean(AbstractAutowireCapableBeanFactory.java:619) ~[spring-beans-5.3.10.jar:5.3.10]
	at org.springframework.beans.factory.support.AbstractAutowireCapableBeanFactory.createBean(AbstractAutowireCapableBeanFactory.java:542) ~[spring-beans-5.3.10.jar:5.3.10]
	at org.springframework.beans.factory.support.AbstractBeanFactory.lambda$doGetBean$0(AbstractBeanFactory.java:335) ~[spring-beans-5.3.10.jar:5.3.10]
	at org.springframework.beans.factory.support.DefaultSingletonBeanRegistry.getSingleton(DefaultSingletonBeanRegistry.java:234) ~[spring-beans-5.3.10.jar:5.3.10]
	at org.springframework.beans.factory.support.AbstractBeanFactory.doGetBean(AbstractBeanFactory.java:333) ~[spring-beans-5.3.10.jar:5.3.10]
	at org.springframework.beans.factory.support.AbstractBeanFactory.getBean(AbstractBeanFactory.java:208) ~[spring-beans-5.3.10.jar:5.3.10]
	at org.springframework.beans.factory.support.DefaultListableBeanFactory.preInstantiateSingletons(DefaultListableBeanFactory.java:944) ~[spring-beans-5.3.10.jar:5.3.10]
	at org.springframework.context.support.AbstractApplicationContext.finishBeanFactoryInitialization(AbstractApplicationContext.java:918) ~[spring-context-5.3.10.jar:5.3.10]
	at org.springframework.context.support.AbstractApplicationContext.refresh(AbstractApplicationContext.java:583) ~[spring-context-5.3.10.jar:5.3.10]
	at org.springframework.boot.web.servlet.context.ServletWebServerApplicationContext.refresh(ServletWebServerApplicationContext.java:145) ~[spring-boot-2.5.5.jar:2.5.5]
	at org.springframework.boot.SpringApplication.refresh(SpringApplication.java:754) ~[spring-boot-2.5.5.jar:2.5.5]
	at org.springframework.boot.SpringApplication.refreshContext(SpringApplication.java:434) ~[spring-boot-2.5.5.jar:2.5.5]
	at org.springframework.boot.SpringApplication.run(SpringApplication.java:338) ~[spring-boot-2.5.5.jar:2.5.5]
	at org.springframework.boot.SpringApplication.run(SpringApplication.java:1343) ~[spring-boot-2.5.5.jar:2.5.5]
	at org.springframework.boot.SpringApplication.run(SpringApplication.java:1332) ~[spring-boot-2.5.5.jar:2.5.5]
	at com.lendbiz.p2p.api.ApiApplication.main(ApiApplication.java:10) ~[main/:na]
Caused by: java.lang.IllegalArgumentException: Could not resolve placeholder 'kafka.bootstrapAddress' in value "${kafka.bootstrapAddress}"
	at org.springframework.util.PropertyPlaceholderHelper.parseStringValue(PropertyPlaceholderHelper.java:180) ~[spring-core-5.3.10.jar:5.3.10]
	at org.springframework.util.PropertyPlaceholderHelper.replacePlaceholders(PropertyPlaceholderHelper.java:126) ~[spring-core-5.3.10.jar:5.3.10]
	at org.springframework.core.env.AbstractPropertyResolver.doResolvePlaceholders(AbstractPropertyResolver.java:239) ~[spring-core-5.3.10.jar:5.3.10]
	at org.springframework.core.env.AbstractPropertyResolver.resolveRequiredPlaceholders(AbstractPropertyResolver.java:210) ~[spring-core-5.3.10.jar:5.3.10]
	at org.springframework.context.support.PropertySourcesPlaceholderConfigurer.lambda$processProperties$0(PropertySourcesPlaceholderConfigurer.java:175) ~[spring-context-5.3.10.jar:5.3.10]
	at org.springframework.beans.factory.support.AbstractBeanFactory.resolveEmbeddedValue(AbstractBeanFactory.java:936) ~[spring-beans-5.3.10.jar:5.3.10]
	at org.springframework.beans.factory.support.DefaultListableBeanFactory.doResolveDependency(DefaultListableBeanFactory.java:1321) ~[spring-beans-5.3.10.jar:5.3.10]
	at org.springframework.beans.factory.support.DefaultListableBeanFactory.resolveDependency(DefaultListableBeanFactory.java:1300) ~[spring-beans-5.3.10.jar:5.3.10]
	at org.springframework.beans.factory.annotation.AutowiredAnnotationBeanPostProcessor$AutowiredFieldElement.resolveFieldValue(AutowiredAnnotationBeanPostProcessor.java:657) ~[spring-beans-5.3.10.jar:5.3.10]
	at org.springframework.beans.factory.annotation.AutowiredAnnotationBeanPostProcessor$AutowiredFieldElement.inject(AutowiredAnnotationBeanPostProcessor.java:640) ~[spring-beans-5.3.10.jar:5.3.10]
	at org.springframework.beans.factory.annotation.InjectionMetadata.inject(InjectionMetadata.java:119) ~[spring-beans-5.3.10.jar:5.3.10]
	at org.springframework.beans.factory.annotation.AutowiredAnnotationBeanPostProcessor.postProcessProperties(AutowiredAnnotationBeanPostProcessor.java:399) ~[spring-beans-5.3.10.jar:5.3.10]
	... 17 common frames omitted

2022-01-10 15:24:29.794  INFO 40975 --- [main] com.lendbiz.p2p.api.ApiApplication       : Starting ApiApplication using Java 11.0.12 on TuHoangs-MacBook-Pro.local with PID 40975 (/Users/tuht/Projects/api_mobile/bin/main started by tuht in /Users/tuht/Projects/api_mobile)
2022-01-10 15:24:29.797  INFO 40975 --- [main] com.lendbiz.p2p.api.ApiApplication       : The following profiles are active: lendbiz-dev
2022-01-10 15:24:31.604  INFO 40975 --- [main] .s.d.r.c.RepositoryConfigurationDelegate : Bootstrapping Spring Data JPA repositories in DEFAULT mode.
2022-01-10 15:24:31.777  INFO 40975 --- [main] .s.d.r.c.RepositoryConfigurationDelegate : Finished Spring Data repository scanning in 165 ms. Found 11 JPA repository interfaces.
2022-01-10 15:24:32.957  INFO 40975 --- [main] o.s.b.w.embedded.tomcat.TomcatWebServer  : Tomcat initialized with port(s): 9012 (http)
2022-01-10 15:24:32.967  INFO 40975 --- [main] o.apache.catalina.core.StandardService   : Starting service [Tomcat]
2022-01-10 15:24:32.967  INFO 40975 --- [main] org.apache.catalina.core.StandardEngine  : Starting Servlet engine: [Apache Tomcat/9.0.53]
2022-01-10 15:24:33.135  INFO 40975 --- [main] o.a.c.c.C.[Tomcat].[localhost].[/]       : Initializing Spring embedded WebApplicationContext
2022-01-10 15:24:33.135  INFO 40975 --- [main] w.s.c.ServletWebServerApplicationContext : Root WebApplicationContext: initialization completed in 3241 ms
2022-01-10 15:24:33.413  INFO 40975 --- [main] com.zaxxer.hikari.HikariDataSource       : HikariPool-1 - Starting...
2022-01-10 15:24:33.856  INFO 40975 --- [main] com.zaxxer.hikari.HikariDataSource       : HikariPool-1 - Start completed.
2022-01-10 15:24:34.037  INFO 40975 --- [main] o.hibernate.jpa.internal.util.LogHelper  : HHH000204: Processing PersistenceUnitInfo [name: default]
2022-01-10 15:24:34.121  INFO 40975 --- [main] org.hibernate.Version                    : HHH000412: Hibernate ORM core version 5.4.32.Final
2022-01-10 15:24:34.287  INFO 40975 --- [main] o.hibernate.annotations.common.Version   : HCANN000001: Hibernate Commons Annotations {5.1.2.Final}
2022-01-10 15:24:34.393  INFO 40975 --- [main] org.hibernate.dialect.Dialect            : HHH000400: Using dialect: org.hibernate.dialect.Oracle10gDialect
2022-01-10 15:24:37.276  INFO 40975 --- [main] o.h.e.t.j.p.i.JtaPlatformInitiator       : HHH000490: Using JtaPlatform implementation: [org.hibernate.engine.transaction.jta.platform.internal.NoJtaPlatform]
2022-01-10 15:24:37.442  INFO 40975 --- [main] j.LocalContainerEntityManagerFactoryBean : Initialized JPA EntityManagerFactory for persistence unit 'default'
2022-01-10 15:24:37.682  WARN 40975 --- [main] JpaBaseConfiguration$JpaWebConfiguration : spring.jpa.open-in-view is enabled by default. Therefore, database queries may be performed during view rendering. Explicitly configure spring.jpa.open-in-view to disable this warning
2022-01-10 15:24:39.313  INFO 40975 --- [main] pertySourcedRequestMappingHandlerMapping : Mapped URL path [/v2/api-docs] onto method [springfox.documentation.swagger2.web.Swagger2Controller#getDocumentation(String, HttpServletRequest)]
2022-01-10 15:24:39.362  INFO 40975 --- [main] o.s.s.web.DefaultSecurityFilterChain     : Will secure Ant [pattern='/api/**'] with [org.springframework.security.web.context.request.async.WebAsyncManagerIntegrationFilter@4821e1a3, org.springframework.security.web.context.SecurityContextPersistenceFilter@9a932a4, org.springframework.security.web.header.HeaderWriterFilter@97842a0, org.springframework.web.filter.CorsFilter@5ba4735c, org.springframework.security.web.authentication.logout.LogoutFilter@17eb5661, org.springframework.security.web.authentication.www.BasicAuthenticationFilter@41a18b54, org.springframework.security.web.savedrequest.RequestCacheAwareFilter@343b3399, org.springframework.security.web.servletapi.SecurityContextHolderAwareRequestFilter@45382749, org.springframework.security.web.authentication.AnonymousAuthenticationFilter@70b437bb, org.springframework.security.web.session.SessionManagementFilter@74307afd, org.springframework.security.web.access.ExceptionTranslationFilter@2e587292, org.springframework.security.web.access.intercept.FilterSecurityInterceptor@58885a2e]
2022-01-10 15:24:40.151  INFO 40975 --- [main] o.a.k.clients.consumer.ConsumerConfig    : ConsumerConfig values: 
	allow.auto.create.topics = true
	auto.commit.interval.ms = 100
	auto.offset.reset = earliest
	bootstrap.servers = [localhost:9092]
	check.crcs = true
	client.dns.lookup = use_all_dns_ips
	client.id = consumer-spring-kafka-1
	client.rack = 
	connections.max.idle.ms = 540000
	default.api.timeout.ms = 60000
	enable.auto.commit = false
	exclude.internal.topics = true
	fetch.max.bytes = 52428800
	fetch.max.wait.ms = 500
	fetch.min.bytes = 1
	group.id = spring-kafka
	group.instance.id = null
	heartbeat.interval.ms = 3000
	interceptor.classes = []
	internal.leave.group.on.close = true
	internal.throw.on.fetch.stable.offset.unsupported = false
	isolation.level = read_uncommitted
	key.deserializer = class org.apache.kafka.common.serialization.StringDeserializer
	max.partition.fetch.bytes = 1048576
	max.poll.interval.ms = 300000
	max.poll.records = 500
	metadata.max.age.ms = 300000
	metric.reporters = []
	metrics.num.samples = 2
	metrics.recording.level = INFO
	metrics.sample.window.ms = 30000
	partition.assignment.strategy = [class org.apache.kafka.clients.consumer.RangeAssignor]
	receive.buffer.bytes = 65536
	reconnect.backoff.max.ms = 1000
	reconnect.backoff.ms = 50
	request.timeout.ms = 30000
	retry.backoff.ms = 100
	sasl.client.callback.handler.class = null
	sasl.jaas.config = null
	sasl.kerberos.kinit.cmd = /usr/bin/kinit
	sasl.kerberos.min.time.before.relogin = 60000
	sasl.kerberos.service.name = null
	sasl.kerberos.ticket.renew.jitter = 0.05
	sasl.kerberos.ticket.renew.window.factor = 0.8
	sasl.login.callback.handler.class = null
	sasl.login.class = null
	sasl.login.refresh.buffer.seconds = 300
	sasl.login.refresh.min.period.seconds = 60
	sasl.login.refresh.window.factor = 0.8
	sasl.login.refresh.window.jitter = 0.05
	sasl.mechanism = GSSAPI
	security.protocol = PLAINTEXT
	security.providers = null
	send.buffer.bytes = 131072
	session.timeout.ms = 15000
	socket.connection.setup.timeout.max.ms = 127000
	socket.connection.setup.timeout.ms = 10000
	ssl.cipher.suites = null
	ssl.enabled.protocols = [TLSv1.2, TLSv1.3]
	ssl.endpoint.identification.algorithm = https
	ssl.engine.factory.class = null
	ssl.key.password = null
	ssl.keymanager.algorithm = SunX509
	ssl.keystore.certificate.chain = null
	ssl.keystore.key = null
	ssl.keystore.location = null
	ssl.keystore.password = null
	ssl.keystore.type = JKS
	ssl.protocol = TLSv1.3
	ssl.provider = null
	ssl.secure.random.implementation = null
	ssl.trustmanager.algorithm = PKIX
	ssl.truststore.certificates = null
	ssl.truststore.location = null
	ssl.truststore.password = null
	ssl.truststore.type = JKS
	value.deserializer = class org.apache.kafka.common.serialization.StringDeserializer

2022-01-10 15:24:40.234  INFO 40975 --- [main] o.a.kafka.common.utils.AppInfoParser     : Kafka version: 2.7.1
2022-01-10 15:24:40.234  INFO 40975 --- [main] o.a.kafka.common.utils.AppInfoParser     : Kafka commitId: 61dbce85d0d41457
2022-01-10 15:24:40.234  INFO 40975 --- [main] o.a.kafka.common.utils.AppInfoParser     : Kafka startTimeMs: 1641803080232
2022-01-10 15:24:40.240  INFO 40975 --- [main] o.a.k.clients.consumer.KafkaConsumer     : [Consumer clientId=consumer-spring-kafka-1, groupId=spring-kafka] Subscribed to topic(s): demo
2022-01-10 15:24:40.277  INFO 40975 --- [main] o.s.b.w.embedded.tomcat.TomcatWebServer  : Tomcat started on port(s): 9012 (http) with context path ''
2022-01-10 15:24:40.280  INFO 40975 --- [main] d.s.w.p.DocumentationPluginsBootstrapper : Context refreshed
2022-01-10 15:24:40.298  INFO 40975 --- [main] d.s.w.p.DocumentationPluginsBootstrapper : Found 1 custom documentation plugin(s)
2022-01-10 15:24:40.326  INFO 40975 --- [main] s.d.s.w.s.ApiListingReferenceScanner     : Scanning for api listing references
2022-01-10 15:24:40.660  INFO 40975 --- [main] com.lendbiz.p2p.api.ApiApplication       : Started ApiApplication in 11.542 seconds (JVM running for 12.645)
2022-01-10 15:24:40.672  INFO 40975 --- [main] o.a.k.clients.producer.ProducerConfig    : ProducerConfig values: 
	acks = 1
	batch.size = 16384
	bootstrap.servers = [localhost:9092]
	buffer.memory = 33554432
	client.dns.lookup = use_all_dns_ips
	client.id = producer-1
	compression.type = none
	connections.max.idle.ms = 540000
	delivery.timeout.ms = 120000
	enable.idempotence = false
	interceptor.classes = []
	internal.auto.downgrade.txn.commit = false
	key.serializer = class org.apache.kafka.common.serialization.StringSerializer
	linger.ms = 0
	max.block.ms = 60000
	max.in.flight.requests.per.connection = 5
	max.request.size = 1048576
	metadata.max.age.ms = 300000
	metadata.max.idle.ms = 300000
	metric.reporters = []
	metrics.num.samples = 2
	metrics.recording.level = INFO
	metrics.sample.window.ms = 30000
	partitioner.class = class org.apache.kafka.clients.producer.internals.DefaultPartitioner
	receive.buffer.bytes = 32768
	reconnect.backoff.max.ms = 1000
	reconnect.backoff.ms = 50
	request.timeout.ms = 30000
	retries = 2147483647
	retry.backoff.ms = 100
	sasl.client.callback.handler.class = null
	sasl.jaas.config = null
	sasl.kerberos.kinit.cmd = /usr/bin/kinit
	sasl.kerberos.min.time.before.relogin = 60000
	sasl.kerberos.service.name = null
	sasl.kerberos.ticket.renew.jitter = 0.05
	sasl.kerberos.ticket.renew.window.factor = 0.8
	sasl.login.callback.handler.class = null
	sasl.login.class = null
	sasl.login.refresh.buffer.seconds = 300
	sasl.login.refresh.min.period.seconds = 60
	sasl.login.refresh.window.factor = 0.8
	sasl.login.refresh.window.jitter = 0.05
	sasl.mechanism = GSSAPI
	security.protocol = PLAINTEXT
	security.providers = null
	send.buffer.bytes = 131072
	socket.connection.setup.timeout.max.ms = 127000
	socket.connection.setup.timeout.ms = 10000
	ssl.cipher.suites = null
	ssl.enabled.protocols = [TLSv1.2, TLSv1.3]
	ssl.endpoint.identification.algorithm = https
	ssl.engine.factory.class = null
	ssl.key.password = null
	ssl.keymanager.algorithm = SunX509
	ssl.keystore.certificate.chain = null
	ssl.keystore.key = null
	ssl.keystore.location = null
	ssl.keystore.password = null
	ssl.keystore.type = JKS
	ssl.protocol = TLSv1.3
	ssl.provider = null
	ssl.secure.random.implementation = null
	ssl.trustmanager.algorithm = PKIX
	ssl.truststore.certificates = null
	ssl.truststore.location = null
	ssl.truststore.password = null
	ssl.truststore.type = JKS
	transaction.timeout.ms = 60000
	transactional.id = null
	value.serializer = class org.apache.kafka.common.serialization.StringSerializer

2022-01-10 15:24:40.699  INFO 40975 --- [main] o.a.kafka.common.utils.AppInfoParser     : Kafka version: 2.7.1
2022-01-10 15:24:40.700  INFO 40975 --- [main] o.a.kafka.common.utils.AppInfoParser     : Kafka commitId: 61dbce85d0d41457
2022-01-10 15:24:40.700  INFO 40975 --- [main] o.a.kafka.common.utils.AppInfoParser     : Kafka startTimeMs: 1641803080699
2022-01-10 15:24:40.975  WARN 40975 --- [kafka-producer-network-thread | producer-1] org.apache.kafka.clients.NetworkClient   : [Producer clientId=producer-1] Error while fetching metadata with correlation id 1 : {test=LEADER_NOT_AVAILABLE}
2022-01-10 15:24:40.975  WARN 40975 --- [org.springframework.kafka.KafkaListenerEndpointContainer#0-0-C-1] org.apache.kafka.clients.NetworkClient   : [Consumer clientId=consumer-spring-kafka-1, groupId=spring-kafka] Error while fetching metadata with correlation id 2 : {demo=LEADER_NOT_AVAILABLE}
2022-01-10 15:24:40.984  INFO 40975 --- [org.springframework.kafka.KafkaListenerEndpointContainer#0-0-C-1] org.apache.kafka.clients.Metadata        : [Consumer clientId=consumer-spring-kafka-1, groupId=spring-kafka] Cluster ID: LUsLWGJJS7OPGZwY6xASyA
2022-01-10 15:24:40.984  INFO 40975 --- [kafka-producer-network-thread | producer-1] org.apache.kafka.clients.Metadata        : [Producer clientId=producer-1] Cluster ID: LUsLWGJJS7OPGZwY6xASyA
2022-01-10 15:24:40.988  INFO 40975 --- [org.springframework.kafka.KafkaListenerEndpointContainer#0-0-C-1] o.a.k.c.c.internals.AbstractCoordinator  : [Consumer clientId=consumer-spring-kafka-1, groupId=spring-kafka] Discovered group coordinator 192.168.100.86:9092 (id: 2147483647 rack: null)
2022-01-10 15:24:40.992  INFO 40975 --- [org.springframework.kafka.KafkaListenerEndpointContainer#0-0-C-1] o.a.k.c.c.internals.AbstractCoordinator  : [Consumer clientId=consumer-spring-kafka-1, groupId=spring-kafka] (Re-)joining group
2022-01-10 15:24:41.503  INFO 40975 --- [org.springframework.kafka.KafkaListenerEndpointContainer#0-0-C-1] o.a.k.c.c.internals.AbstractCoordinator  : [Consumer clientId=consumer-spring-kafka-1, groupId=spring-kafka] (Re-)joining group
2022-01-10 15:24:41.536  WARN 40975 --- [org.springframework.kafka.KafkaListenerEndpointContainer#0-0-C-1] org.apache.kafka.clients.NetworkClient   : [Consumer clientId=consumer-spring-kafka-1, groupId=spring-kafka] Error while fetching metadata with correlation id 6 : {demo=LEADER_NOT_AVAILABLE}
2022-01-10 15:24:41.536  WARN 40975 --- [kafka-producer-network-thread | producer-1] org.apache.kafka.clients.NetworkClient   : [Producer clientId=producer-1] Error while fetching metadata with correlation id 3 : {test=LEADER_NOT_AVAILABLE}
2022-01-10 15:24:41.541  INFO 40975 --- [org.springframework.kafka.KafkaListenerEndpointContainer#0-0-C-1] o.a.k.c.c.internals.AbstractCoordinator  : [Consumer clientId=consumer-spring-kafka-1, groupId=spring-kafka] Successfully joined group with generation Generation{generationId=1, memberId='consumer-spring-kafka-1-6bf39047-c7fa-4c4f-afb0-9753b0064727', protocol='range'}
2022-01-10 15:24:41.663  WARN 40975 --- [kafka-producer-network-thread | producer-1] org.apache.kafka.clients.NetworkClient   : [Producer clientId=producer-1] Error while fetching metadata with correlation id 4 : {test=LEADER_NOT_AVAILABLE}
2022-01-10 15:24:41.663  WARN 40975 --- [org.springframework.kafka.KafkaListenerEndpointContainer#0-0-C-1] org.apache.kafka.clients.NetworkClient   : [Consumer clientId=consumer-spring-kafka-1, groupId=spring-kafka] Error while fetching metadata with correlation id 8 : {demo=LEADER_NOT_AVAILABLE}
2022-01-10 15:24:41.669  WARN 40975 --- [org.springframework.kafka.KafkaListenerEndpointContainer#0-0-C-1] o.a.k.c.c.internals.ConsumerCoordinator  : [Consumer clientId=consumer-spring-kafka-1, groupId=spring-kafka] The following subscribed topics are not assigned to any members: [demo] 
2022-01-10 15:24:41.669  INFO 40975 --- [org.springframework.kafka.KafkaListenerEndpointContainer#0-0-C-1] o.a.k.c.c.internals.ConsumerCoordinator  : [Consumer clientId=consumer-spring-kafka-1, groupId=spring-kafka] Finished assignment for group at generation 1: {consumer-spring-kafka-1-6bf39047-c7fa-4c4f-afb0-9753b0064727=Assignment(partitions=[])}
2022-01-10 15:24:41.694  INFO 40975 --- [org.springframework.kafka.KafkaListenerEndpointContainer#0-0-C-1] o.a.k.c.c.internals.AbstractCoordinator  : [Consumer clientId=consumer-spring-kafka-1, groupId=spring-kafka] Successfully synced group in generation Generation{generationId=1, memberId='consumer-spring-kafka-1-6bf39047-c7fa-4c4f-afb0-9753b0064727', protocol='range'}
2022-01-10 15:24:41.695  INFO 40975 --- [org.springframework.kafka.KafkaListenerEndpointContainer#0-0-C-1] o.a.k.c.c.internals.ConsumerCoordinator  : [Consumer clientId=consumer-spring-kafka-1, groupId=spring-kafka] Notifying assignor about the new Assignment(partitions=[])
2022-01-10 15:24:41.695  INFO 40975 --- [org.springframework.kafka.KafkaListenerEndpointContainer#0-0-C-1] o.a.k.c.c.internals.ConsumerCoordinator  : [Consumer clientId=consumer-spring-kafka-1, groupId=spring-kafka] Adding newly assigned partitions: 
2022-01-10 15:24:41.696  INFO 40975 --- [org.springframework.kafka.KafkaListenerEndpointContainer#0-0-C-1] o.s.k.l.KafkaMessageListenerContainer    : spring-kafka: partitions assigned: []
2022-01-10 15:24:41.769  WARN 40975 --- [kafka-producer-network-thread | producer-1] org.apache.kafka.clients.NetworkClient   : [Producer clientId=producer-1] Error while fetching metadata with correlation id 5 : {test=LEADER_NOT_AVAILABLE}
2022-01-10 15:24:41.769  WARN 40975 --- [org.springframework.kafka.KafkaListenerEndpointContainer#0-0-C-1] org.apache.kafka.clients.NetworkClient   : [Consumer clientId=consumer-spring-kafka-1, groupId=spring-kafka] Error while fetching metadata with correlation id 10 : {demo=LEADER_NOT_AVAILABLE}
2022-01-10 15:24:41.881  INFO 40975 --- [org.springframework.kafka.KafkaListenerEndpointContainer#0-0-C-1] o.a.k.c.c.internals.ConsumerCoordinator  : [Consumer clientId=consumer-spring-kafka-1, groupId=spring-kafka] Requesting to re-join the group and trigger rebalance since the assignment metadata has changed from (version4: {}) to (version6: {demo=1})
2022-01-10 15:24:41.881  INFO 40975 --- [org.springframework.kafka.KafkaListenerEndpointContainer#0-0-C-1] o.a.k.c.c.internals.ConsumerCoordinator  : [Consumer clientId=consumer-spring-kafka-1, groupId=spring-kafka] Requesting to re-join the group and trigger rebalance since the assignment metadata has changed from (version4: {}) to (version6: {demo=1})
2022-01-10 15:24:41.882  INFO 40975 --- [org.springframework.kafka.KafkaListenerEndpointContainer#0-0-C-1] o.a.k.c.c.internals.ConsumerCoordinator  : [Consumer clientId=consumer-spring-kafka-1, groupId=spring-kafka] Revoke previously assigned partitions 
2022-01-10 15:24:41.884  INFO 40975 --- [org.springframework.kafka.KafkaListenerEndpointContainer#0-0-C-1] o.s.k.l.KafkaMessageListenerContainer    : spring-kafka: partitions revoked: []
2022-01-10 15:24:41.891  INFO 40975 --- [org.springframework.kafka.KafkaListenerEndpointContainer#0-0-C-1] o.a.k.c.c.internals.AbstractCoordinator  : [Consumer clientId=consumer-spring-kafka-1, groupId=spring-kafka] (Re-)joining group
2022-01-10 15:24:41.899  INFO 40975 --- [org.springframework.kafka.KafkaListenerEndpointContainer#0-0-C-1] o.a.k.c.c.internals.AbstractCoordinator  : [Consumer clientId=consumer-spring-kafka-1, groupId=spring-kafka] Successfully joined group with generation Generation{generationId=2, memberId='consumer-spring-kafka-1-6bf39047-c7fa-4c4f-afb0-9753b0064727', protocol='range'}
2022-01-10 15:24:41.900  INFO 40975 --- [org.springframework.kafka.KafkaListenerEndpointContainer#0-0-C-1] o.a.k.c.c.internals.ConsumerCoordinator  : [Consumer clientId=consumer-spring-kafka-1, groupId=spring-kafka] Finished assignment for group at generation 2: {consumer-spring-kafka-1-6bf39047-c7fa-4c4f-afb0-9753b0064727=Assignment(partitions=[demo-0])}
2022-01-10 15:24:41.906  INFO 40975 --- [org.springframework.kafka.KafkaListenerEndpointContainer#0-0-C-1] o.a.k.c.c.internals.AbstractCoordinator  : [Consumer clientId=consumer-spring-kafka-1, groupId=spring-kafka] Successfully synced group in generation Generation{generationId=2, memberId='consumer-spring-kafka-1-6bf39047-c7fa-4c4f-afb0-9753b0064727', protocol='range'}
2022-01-10 15:24:41.911  INFO 40975 --- [org.springframework.kafka.KafkaListenerEndpointContainer#0-0-C-1] o.a.k.c.c.internals.ConsumerCoordinator  : [Consumer clientId=consumer-spring-kafka-1, groupId=spring-kafka] Notifying assignor about the new Assignment(partitions=[demo-0])
2022-01-10 15:24:41.914  INFO 40975 --- [org.springframework.kafka.KafkaListenerEndpointContainer#0-0-C-1] o.a.k.c.c.internals.ConsumerCoordinator  : [Consumer clientId=consumer-spring-kafka-1, groupId=spring-kafka] Adding newly assigned partitions: demo-0
2022-01-10 15:24:41.924  INFO 40975 --- [org.springframework.kafka.KafkaListenerEndpointContainer#0-0-C-1] o.a.k.c.c.internals.ConsumerCoordinator  : [Consumer clientId=consumer-spring-kafka-1, groupId=spring-kafka] Found no committed offset for partition demo-0
2022-01-10 15:24:41.941  INFO 40975 --- [org.springframework.kafka.KafkaListenerEndpointContainer#0-0-C-1] o.a.k.c.c.internals.SubscriptionState    : [Consumer clientId=consumer-spring-kafka-1, groupId=spring-kafka] Resetting offset for partition demo-0 to position FetchPosition{offset=0, offsetEpoch=Optional.empty, currentLeader=LeaderAndEpoch{leader=Optional[192.168.100.86:9092 (id: 0 rack: null)], epoch=0}}.
2022-01-10 15:24:41.946  INFO 40975 --- [org.springframework.kafka.KafkaListenerEndpointContainer#0-0-C-1] o.s.k.l.KafkaMessageListenerContainer    : spring-kafka: partitions assigned: [demo-0]
2022-01-10 16:08:56.670  INFO 40975 --- [org.springframework.kafka.KafkaListenerEndpointContainer#0-0-C-1] o.a.k.c.c.internals.ConsumerCoordinator  : [Consumer clientId=consumer-spring-kafka-1, groupId=spring-kafka] Revoke previously assigned partitions demo-0
2022-01-10 16:08:56.680  INFO 40975 --- [org.springframework.kafka.KafkaListenerEndpointContainer#0-0-C-1] o.s.k.l.KafkaMessageListenerContainer    : spring-kafka: partitions revoked: [demo-0]
2022-01-10 16:08:56.681  INFO 40975 --- [org.springframework.kafka.KafkaListenerEndpointContainer#0-0-C-1] o.a.k.c.c.internals.AbstractCoordinator  : [Consumer clientId=consumer-spring-kafka-1, groupId=spring-kafka] Member consumer-spring-kafka-1-6bf39047-c7fa-4c4f-afb0-9753b0064727 sending LeaveGroup request to coordinator 192.168.100.86:9092 (id: 2147483647 rack: null) due to the consumer unsubscribed from all topics
2022-01-10 16:08:56.685  INFO 40975 --- [org.springframework.kafka.KafkaListenerEndpointContainer#0-0-C-1] o.a.k.clients.consumer.KafkaConsumer     : [Consumer clientId=consumer-spring-kafka-1, groupId=spring-kafka] Unsubscribed all topics or patterns and assigned partitions
2022-01-10 16:08:56.833  INFO 40975 --- [org.springframework.kafka.KafkaListenerEndpointContainer#0-0-C-1] org.apache.kafka.common.metrics.Metrics  : Metrics scheduler closed
2022-01-10 16:08:56.834  INFO 40975 --- [org.springframework.kafka.KafkaListenerEndpointContainer#0-0-C-1] org.apache.kafka.common.metrics.Metrics  : Closing reporter org.apache.kafka.common.metrics.JmxReporter
2022-01-10 16:08:56.835  INFO 40975 --- [org.springframework.kafka.KafkaListenerEndpointContainer#0-0-C-1] org.apache.kafka.common.metrics.Metrics  : Metrics reporters closed
2022-01-10 16:08:56.870  INFO 40975 --- [org.springframework.kafka.KafkaListenerEndpointContainer#0-0-C-1] o.a.kafka.common.utils.AppInfoParser     : App info kafka.consumer for consumer-spring-kafka-1 unregistered
2022-01-10 16:08:56.872  INFO 40975 --- [org.springframework.kafka.KafkaListenerEndpointContainer#0-0-C-1] o.s.k.l.KafkaMessageListenerContainer    : spring-kafka: Consumer stopped
2022-01-10 16:08:56.910  INFO 40975 --- [SpringApplicationShutdownHook] o.a.k.clients.producer.KafkaProducer     : [Producer clientId=producer-1] Closing the Kafka producer with timeoutMillis = 30000 ms.
2022-01-10 16:08:56.916  INFO 40975 --- [SpringApplicationShutdownHook] org.apache.kafka.common.metrics.Metrics  : Metrics scheduler closed
2022-01-10 16:08:56.916  INFO 40975 --- [SpringApplicationShutdownHook] org.apache.kafka.common.metrics.Metrics  : Closing reporter org.apache.kafka.common.metrics.JmxReporter
2022-01-10 16:08:56.916  INFO 40975 --- [SpringApplicationShutdownHook] org.apache.kafka.common.metrics.Metrics  : Metrics reporters closed
2022-01-10 16:08:56.918  INFO 40975 --- [SpringApplicationShutdownHook] o.a.kafka.common.utils.AppInfoParser     : App info kafka.producer for producer-1 unregistered
2022-01-10 16:08:56.921  INFO 40975 --- [SpringApplicationShutdownHook] j.LocalContainerEntityManagerFactoryBean : Closing JPA EntityManagerFactory for persistence unit 'default'
2022-01-10 16:08:56.965  INFO 40975 --- [SpringApplicationShutdownHook] com.zaxxer.hikari.HikariDataSource       : HikariPool-1 - Shutdown initiated...
2022-01-10 16:08:57.220  INFO 40975 --- [SpringApplicationShutdownHook] com.zaxxer.hikari.HikariDataSource       : HikariPool-1 - Shutdown completed.
2022-01-10 16:09:39.657  INFO 63411 --- [main] com.lendbiz.p2p.api.ApiApplication       : Starting ApiApplication using Java 11.0.12 on TuHoangs-MacBook-Pro.local with PID 63411 (/Users/tuht/Projects/api_mobile/bin/main started by tuht in /Users/tuht/Projects/api_mobile)
2022-01-10 16:09:39.663  INFO 63411 --- [main] com.lendbiz.p2p.api.ApiApplication       : The following profiles are active: lendbiz-dev
2022-01-10 16:09:41.471  INFO 63411 --- [main] .s.d.r.c.RepositoryConfigurationDelegate : Bootstrapping Spring Data JPA repositories in DEFAULT mode.
2022-01-10 16:09:41.662  INFO 63411 --- [main] .s.d.r.c.RepositoryConfigurationDelegate : Finished Spring Data repository scanning in 180 ms. Found 11 JPA repository interfaces.
2022-01-10 16:09:42.911  INFO 63411 --- [main] o.s.b.w.embedded.tomcat.TomcatWebServer  : Tomcat initialized with port(s): 9012 (http)
2022-01-10 16:09:42.921  INFO 63411 --- [main] o.apache.catalina.core.StandardService   : Starting service [Tomcat]
2022-01-10 16:09:42.921  INFO 63411 --- [main] org.apache.catalina.core.StandardEngine  : Starting Servlet engine: [Apache Tomcat/9.0.53]
2022-01-10 16:09:43.077  INFO 63411 --- [main] o.a.c.c.C.[Tomcat].[localhost].[/]       : Initializing Spring embedded WebApplicationContext
2022-01-10 16:09:43.078  INFO 63411 --- [main] w.s.c.ServletWebServerApplicationContext : Root WebApplicationContext: initialization completed in 3295 ms
2022-01-10 16:09:43.335  INFO 63411 --- [main] com.zaxxer.hikari.HikariDataSource       : HikariPool-1 - Starting...
2022-01-10 16:09:43.776  INFO 63411 --- [main] com.zaxxer.hikari.HikariDataSource       : HikariPool-1 - Start completed.
2022-01-10 16:09:43.930  INFO 63411 --- [main] o.hibernate.jpa.internal.util.LogHelper  : HHH000204: Processing PersistenceUnitInfo [name: default]
2022-01-10 16:09:44.015  INFO 63411 --- [main] org.hibernate.Version                    : HHH000412: Hibernate ORM core version 5.4.32.Final
2022-01-10 16:09:44.176  INFO 63411 --- [main] o.hibernate.annotations.common.Version   : HCANN000001: Hibernate Commons Annotations {5.1.2.Final}
2022-01-10 16:09:44.282  INFO 63411 --- [main] org.hibernate.dialect.Dialect            : HHH000400: Using dialect: org.hibernate.dialect.Oracle10gDialect
2022-01-10 16:09:47.155  INFO 63411 --- [main] o.h.e.t.j.p.i.JtaPlatformInitiator       : HHH000490: Using JtaPlatform implementation: [org.hibernate.engine.transaction.jta.platform.internal.NoJtaPlatform]
2022-01-10 16:09:47.307  INFO 63411 --- [main] j.LocalContainerEntityManagerFactoryBean : Initialized JPA EntityManagerFactory for persistence unit 'default'
2022-01-10 16:09:47.584  WARN 63411 --- [main] JpaBaseConfiguration$JpaWebConfiguration : spring.jpa.open-in-view is enabled by default. Therefore, database queries may be performed during view rendering. Explicitly configure spring.jpa.open-in-view to disable this warning
2022-01-10 16:09:49.084  INFO 63411 --- [main] pertySourcedRequestMappingHandlerMapping : Mapped URL path [/v2/api-docs] onto method [springfox.documentation.swagger2.web.Swagger2Controller#getDocumentation(String, HttpServletRequest)]
2022-01-10 16:09:49.132  INFO 63411 --- [main] o.s.s.web.DefaultSecurityFilterChain     : Will secure Ant [pattern='/api/**'] with [org.springframework.security.web.context.request.async.WebAsyncManagerIntegrationFilter@4821e1a3, org.springframework.security.web.context.SecurityContextPersistenceFilter@9a932a4, org.springframework.security.web.header.HeaderWriterFilter@97842a0, org.springframework.web.filter.CorsFilter@5ba4735c, org.springframework.security.web.authentication.logout.LogoutFilter@17eb5661, org.springframework.security.web.authentication.www.BasicAuthenticationFilter@41a18b54, org.springframework.security.web.savedrequest.RequestCacheAwareFilter@343b3399, org.springframework.security.web.servletapi.SecurityContextHolderAwareRequestFilter@45382749, org.springframework.security.web.authentication.AnonymousAuthenticationFilter@70b437bb, org.springframework.security.web.session.SessionManagementFilter@74307afd, org.springframework.security.web.access.ExceptionTranslationFilter@2e587292, org.springframework.security.web.access.intercept.FilterSecurityInterceptor@58885a2e]
2022-01-10 16:09:49.861  INFO 63411 --- [main] o.a.k.clients.consumer.ConsumerConfig    : ConsumerConfig values: 
	allow.auto.create.topics = true
	auto.commit.interval.ms = 100
	auto.offset.reset = earliest
	bootstrap.servers = [localhost:9092]
	check.crcs = true
	client.dns.lookup = use_all_dns_ips
	client.id = consumer-spring-kafka-1
	client.rack = 
	connections.max.idle.ms = 540000
	default.api.timeout.ms = 60000
	enable.auto.commit = false
	exclude.internal.topics = true
	fetch.max.bytes = 52428800
	fetch.max.wait.ms = 500
	fetch.min.bytes = 1
	group.id = spring-kafka
	group.instance.id = null
	heartbeat.interval.ms = 3000
	interceptor.classes = []
	internal.leave.group.on.close = true
	internal.throw.on.fetch.stable.offset.unsupported = false
	isolation.level = read_uncommitted
	key.deserializer = class org.apache.kafka.common.serialization.StringDeserializer
	max.partition.fetch.bytes = 1048576
	max.poll.interval.ms = 300000
	max.poll.records = 500
	metadata.max.age.ms = 300000
	metric.reporters = []
	metrics.num.samples = 2
	metrics.recording.level = INFO
	metrics.sample.window.ms = 30000
	partition.assignment.strategy = [class org.apache.kafka.clients.consumer.RangeAssignor]
	receive.buffer.bytes = 65536
	reconnect.backoff.max.ms = 1000
	reconnect.backoff.ms = 50
	request.timeout.ms = 30000
	retry.backoff.ms = 100
	sasl.client.callback.handler.class = null
	sasl.jaas.config = null
	sasl.kerberos.kinit.cmd = /usr/bin/kinit
	sasl.kerberos.min.time.before.relogin = 60000
	sasl.kerberos.service.name = null
	sasl.kerberos.ticket.renew.jitter = 0.05
	sasl.kerberos.ticket.renew.window.factor = 0.8
	sasl.login.callback.handler.class = null
	sasl.login.class = null
	sasl.login.refresh.buffer.seconds = 300
	sasl.login.refresh.min.period.seconds = 60
	sasl.login.refresh.window.factor = 0.8
	sasl.login.refresh.window.jitter = 0.05
	sasl.mechanism = GSSAPI
	security.protocol = PLAINTEXT
	security.providers = null
	send.buffer.bytes = 131072
	session.timeout.ms = 15000
	socket.connection.setup.timeout.max.ms = 127000
	socket.connection.setup.timeout.ms = 10000
	ssl.cipher.suites = null
	ssl.enabled.protocols = [TLSv1.2, TLSv1.3]
	ssl.endpoint.identification.algorithm = https
	ssl.engine.factory.class = null
	ssl.key.password = null
	ssl.keymanager.algorithm = SunX509
	ssl.keystore.certificate.chain = null
	ssl.keystore.key = null
	ssl.keystore.location = null
	ssl.keystore.password = null
	ssl.keystore.type = JKS
	ssl.protocol = TLSv1.3
	ssl.provider = null
	ssl.secure.random.implementation = null
	ssl.trustmanager.algorithm = PKIX
	ssl.truststore.certificates = null
	ssl.truststore.location = null
	ssl.truststore.password = null
	ssl.truststore.type = JKS
	value.deserializer = class org.apache.kafka.common.serialization.StringDeserializer

2022-01-10 16:09:49.940  INFO 63411 --- [main] o.a.kafka.common.utils.AppInfoParser     : Kafka version: 2.7.1
2022-01-10 16:09:49.940  INFO 63411 --- [main] o.a.kafka.common.utils.AppInfoParser     : Kafka commitId: 61dbce85d0d41457
2022-01-10 16:09:49.940  INFO 63411 --- [main] o.a.kafka.common.utils.AppInfoParser     : Kafka startTimeMs: 1641805789937
2022-01-10 16:09:49.946  INFO 63411 --- [main] o.a.k.clients.consumer.KafkaConsumer     : [Consumer clientId=consumer-spring-kafka-1, groupId=spring-kafka] Subscribed to topic(s): demo
2022-01-10 16:09:49.977  INFO 63411 --- [main] o.s.b.w.embedded.tomcat.TomcatWebServer  : Tomcat started on port(s): 9012 (http) with context path ''
2022-01-10 16:09:49.981  INFO 63411 --- [main] d.s.w.p.DocumentationPluginsBootstrapper : Context refreshed
2022-01-10 16:09:49.996  INFO 63411 --- [main] d.s.w.p.DocumentationPluginsBootstrapper : Found 1 custom documentation plugin(s)
2022-01-10 16:09:50.026  INFO 63411 --- [main] s.d.s.w.s.ApiListingReferenceScanner     : Scanning for api listing references
2022-01-10 16:09:50.316  INFO 63411 --- [org.springframework.kafka.KafkaListenerEndpointContainer#0-0-C-1] org.apache.kafka.clients.Metadata        : [Consumer clientId=consumer-spring-kafka-1, groupId=spring-kafka] Cluster ID: LUsLWGJJS7OPGZwY6xASyA
2022-01-10 16:09:50.329  INFO 63411 --- [org.springframework.kafka.KafkaListenerEndpointContainer#0-0-C-1] o.a.k.c.c.internals.AbstractCoordinator  : [Consumer clientId=consumer-spring-kafka-1, groupId=spring-kafka] Discovered group coordinator 192.168.100.86:9092 (id: 2147483647 rack: null)
2022-01-10 16:09:50.337  INFO 63411 --- [org.springframework.kafka.KafkaListenerEndpointContainer#0-0-C-1] o.a.k.c.c.internals.AbstractCoordinator  : [Consumer clientId=consumer-spring-kafka-1, groupId=spring-kafka] (Re-)joining group
2022-01-10 16:09:50.390  INFO 63411 --- [org.springframework.kafka.KafkaListenerEndpointContainer#0-0-C-1] o.a.k.c.c.internals.AbstractCoordinator  : [Consumer clientId=consumer-spring-kafka-1, groupId=spring-kafka] (Re-)joining group
2022-01-10 16:09:50.413  INFO 63411 --- [org.springframework.kafka.KafkaListenerEndpointContainer#0-0-C-1] o.a.k.c.c.internals.AbstractCoordinator  : [Consumer clientId=consumer-spring-kafka-1, groupId=spring-kafka] Successfully joined group with generation Generation{generationId=4, memberId='consumer-spring-kafka-1-6f13ca7f-b8ea-472c-9fdc-798da0f75b5f', protocol='range'}
2022-01-10 16:09:50.416  INFO 63411 --- [org.springframework.kafka.KafkaListenerEndpointContainer#0-0-C-1] o.a.k.c.c.internals.ConsumerCoordinator  : [Consumer clientId=consumer-spring-kafka-1, groupId=spring-kafka] Finished assignment for group at generation 4: {consumer-spring-kafka-1-6f13ca7f-b8ea-472c-9fdc-798da0f75b5f=Assignment(partitions=[demo-0])}
2022-01-10 16:09:50.417  INFO 63411 --- [main] com.lendbiz.p2p.api.ApiApplication       : Started ApiApplication in 11.379 seconds (JVM running for 12.444)
2022-01-10 16:09:50.431  INFO 63411 --- [org.springframework.kafka.KafkaListenerEndpointContainer#0-0-C-1] o.a.k.c.c.internals.AbstractCoordinator  : [Consumer clientId=consumer-spring-kafka-1, groupId=spring-kafka] Successfully synced group in generation Generation{generationId=4, memberId='consumer-spring-kafka-1-6f13ca7f-b8ea-472c-9fdc-798da0f75b5f', protocol='range'}
2022-01-10 16:09:50.435  INFO 63411 --- [org.springframework.kafka.KafkaListenerEndpointContainer#0-0-C-1] o.a.k.c.c.internals.ConsumerCoordinator  : [Consumer clientId=consumer-spring-kafka-1, groupId=spring-kafka] Notifying assignor about the new Assignment(partitions=[demo-0])
2022-01-10 16:09:50.438  INFO 63411 --- [org.springframework.kafka.KafkaListenerEndpointContainer#0-0-C-1] o.a.k.c.c.internals.ConsumerCoordinator  : [Consumer clientId=consumer-spring-kafka-1, groupId=spring-kafka] Adding newly assigned partitions: demo-0
2022-01-10 16:09:50.454  INFO 63411 --- [org.springframework.kafka.KafkaListenerEndpointContainer#0-0-C-1] o.a.k.c.c.internals.ConsumerCoordinator  : [Consumer clientId=consumer-spring-kafka-1, groupId=spring-kafka] Setting offset for partition demo-0 to the committed offset FetchPosition{offset=4, offsetEpoch=Optional.empty, currentLeader=LeaderAndEpoch{leader=Optional[192.168.100.86:9092 (id: 0 rack: null)], epoch=0}}
2022-01-10 16:09:50.458  INFO 63411 --- [org.springframework.kafka.KafkaListenerEndpointContainer#0-0-C-1] o.s.k.l.KafkaMessageListenerContainer    : spring-kafka: partitions assigned: [demo-0]
2022-01-10 16:10:22.524  INFO 63411 --- [org.springframework.kafka.KafkaListenerEndpointContainer#0-0-C-1] o.a.k.clients.producer.ProducerConfig    : ProducerConfig values: 
	acks = 1
	batch.size = 16384
	bootstrap.servers = [localhost:9092]
	buffer.memory = 33554432
	client.dns.lookup = use_all_dns_ips
	client.id = producer-1
	compression.type = none
	connections.max.idle.ms = 540000
	delivery.timeout.ms = 120000
	enable.idempotence = false
	interceptor.classes = []
	internal.auto.downgrade.txn.commit = false
	key.serializer = class org.apache.kafka.common.serialization.StringSerializer
	linger.ms = 0
	max.block.ms = 60000
	max.in.flight.requests.per.connection = 5
	max.request.size = 1048576
	metadata.max.age.ms = 300000
	metadata.max.idle.ms = 300000
	metric.reporters = []
	metrics.num.samples = 2
	metrics.recording.level = INFO
	metrics.sample.window.ms = 30000
	partitioner.class = class org.apache.kafka.clients.producer.internals.DefaultPartitioner
	receive.buffer.bytes = 32768
	reconnect.backoff.max.ms = 1000
	reconnect.backoff.ms = 50
	request.timeout.ms = 30000
	retries = 2147483647
	retry.backoff.ms = 100
	sasl.client.callback.handler.class = null
	sasl.jaas.config = null
	sasl.kerberos.kinit.cmd = /usr/bin/kinit
	sasl.kerberos.min.time.before.relogin = 60000
	sasl.kerberos.service.name = null
	sasl.kerberos.ticket.renew.jitter = 0.05
	sasl.kerberos.ticket.renew.window.factor = 0.8
	sasl.login.callback.handler.class = null
	sasl.login.class = null
	sasl.login.refresh.buffer.seconds = 300
	sasl.login.refresh.min.period.seconds = 60
	sasl.login.refresh.window.factor = 0.8
	sasl.login.refresh.window.jitter = 0.05
	sasl.mechanism = GSSAPI
	security.protocol = PLAINTEXT
	security.providers = null
	send.buffer.bytes = 131072
	socket.connection.setup.timeout.max.ms = 127000
	socket.connection.setup.timeout.ms = 10000
	ssl.cipher.suites = null
	ssl.enabled.protocols = [TLSv1.2, TLSv1.3]
	ssl.endpoint.identification.algorithm = https
	ssl.engine.factory.class = null
	ssl.key.password = null
	ssl.keymanager.algorithm = SunX509
	ssl.keystore.certificate.chain = null
	ssl.keystore.key = null
	ssl.keystore.location = null
	ssl.keystore.password = null
	ssl.keystore.type = JKS
	ssl.protocol = TLSv1.3
	ssl.provider = null
	ssl.secure.random.implementation = null
	ssl.trustmanager.algorithm = PKIX
	ssl.truststore.certificates = null
	ssl.truststore.location = null
	ssl.truststore.password = null
	ssl.truststore.type = JKS
	transaction.timeout.ms = 60000
	transactional.id = null
	value.serializer = class org.apache.kafka.common.serialization.StringSerializer

2022-01-10 16:10:22.628  INFO 63411 --- [org.springframework.kafka.KafkaListenerEndpointContainer#0-0-C-1] o.a.kafka.common.utils.AppInfoParser     : Kafka version: 2.7.1
2022-01-10 16:10:22.629  INFO 63411 --- [org.springframework.kafka.KafkaListenerEndpointContainer#0-0-C-1] o.a.kafka.common.utils.AppInfoParser     : Kafka commitId: 61dbce85d0d41457
2022-01-10 16:10:22.629  INFO 63411 --- [org.springframework.kafka.KafkaListenerEndpointContainer#0-0-C-1] o.a.kafka.common.utils.AppInfoParser     : Kafka startTimeMs: 1641805822628
2022-01-10 16:10:22.647  INFO 63411 --- [kafka-producer-network-thread | producer-1] org.apache.kafka.clients.Metadata        : [Producer clientId=producer-1] Cluster ID: LUsLWGJJS7OPGZwY6xASyA
2022-01-10 16:18:42.088  INFO 63411 --- [org.springframework.kafka.KafkaListenerEndpointContainer#0-0-C-1] o.a.k.c.c.internals.ConsumerCoordinator  : [Consumer clientId=consumer-spring-kafka-1, groupId=spring-kafka] Revoke previously assigned partitions demo-0
2022-01-10 16:18:42.094  INFO 63411 --- [org.springframework.kafka.KafkaListenerEndpointContainer#0-0-C-1] o.s.k.l.KafkaMessageListenerContainer    : spring-kafka: partitions revoked: [demo-0]
2022-01-10 16:18:42.096  INFO 63411 --- [org.springframework.kafka.KafkaListenerEndpointContainer#0-0-C-1] o.a.k.c.c.internals.AbstractCoordinator  : [Consumer clientId=consumer-spring-kafka-1, groupId=spring-kafka] Member consumer-spring-kafka-1-6f13ca7f-b8ea-472c-9fdc-798da0f75b5f sending LeaveGroup request to coordinator 192.168.100.86:9092 (id: 2147483647 rack: null) due to the consumer unsubscribed from all topics
2022-01-10 16:18:42.100  INFO 63411 --- [org.springframework.kafka.KafkaListenerEndpointContainer#0-0-C-1] o.a.k.clients.consumer.KafkaConsumer     : [Consumer clientId=consumer-spring-kafka-1, groupId=spring-kafka] Unsubscribed all topics or patterns and assigned partitions
2022-01-10 16:18:42.179  INFO 63411 --- [org.springframework.kafka.KafkaListenerEndpointContainer#0-0-C-1] org.apache.kafka.common.metrics.Metrics  : Metrics scheduler closed
2022-01-10 16:18:42.180  INFO 63411 --- [org.springframework.kafka.KafkaListenerEndpointContainer#0-0-C-1] org.apache.kafka.common.metrics.Metrics  : Closing reporter org.apache.kafka.common.metrics.JmxReporter
2022-01-10 16:18:42.181  INFO 63411 --- [org.springframework.kafka.KafkaListenerEndpointContainer#0-0-C-1] org.apache.kafka.common.metrics.Metrics  : Metrics reporters closed
2022-01-10 16:18:42.212  INFO 63411 --- [org.springframework.kafka.KafkaListenerEndpointContainer#0-0-C-1] o.a.kafka.common.utils.AppInfoParser     : App info kafka.consumer for consumer-spring-kafka-1 unregistered
2022-01-10 16:18:42.214  INFO 63411 --- [org.springframework.kafka.KafkaListenerEndpointContainer#0-0-C-1] o.s.k.l.KafkaMessageListenerContainer    : spring-kafka: Consumer stopped
2022-01-10 16:18:42.255  INFO 63411 --- [SpringApplicationShutdownHook] o.a.k.clients.producer.KafkaProducer     : [Producer clientId=producer-1] Closing the Kafka producer with timeoutMillis = 30000 ms.
2022-01-10 16:18:42.262  INFO 63411 --- [SpringApplicationShutdownHook] org.apache.kafka.common.metrics.Metrics  : Metrics scheduler closed
2022-01-10 16:18:42.263  INFO 63411 --- [SpringApplicationShutdownHook] org.apache.kafka.common.metrics.Metrics  : Closing reporter org.apache.kafka.common.metrics.JmxReporter
2022-01-10 16:18:42.263  INFO 63411 --- [SpringApplicationShutdownHook] org.apache.kafka.common.metrics.Metrics  : Metrics reporters closed
2022-01-10 16:18:42.266  INFO 63411 --- [SpringApplicationShutdownHook] o.a.kafka.common.utils.AppInfoParser     : App info kafka.producer for producer-1 unregistered
2022-01-10 16:18:42.269  INFO 63411 --- [SpringApplicationShutdownHook] j.LocalContainerEntityManagerFactoryBean : Closing JPA EntityManagerFactory for persistence unit 'default'
2022-01-10 16:18:42.294  INFO 63411 --- [SpringApplicationShutdownHook] com.zaxxer.hikari.HikariDataSource       : HikariPool-1 - Shutdown initiated...
2022-01-10 16:18:42.507  INFO 63411 --- [SpringApplicationShutdownHook] com.zaxxer.hikari.HikariDataSource       : HikariPool-1 - Shutdown completed.
